0 info it worked if it ends with ok
1 verbose cli [ '/usr/local/bin/node', '/usr/local/bin/npm', 'run', 'dev' ]
2 info using npm@2.11.3
3 info using node@v0.12.7
4 verbose run-script [ 'predev', 'dev', 'postdev' ]
5 info predev OS-Template@1.0.0
6 info dev OS-Template@1.0.0
7 verbose unsafe-perm in lifecycle true
8 info OS-Template@1.0.0 Failed to exec dev script
9 verbose stack Error: OS-Template@1.0.0 dev: `webpack-dev-server --host 0.0.0.0 --hot --progress --colors --content-base build`
9 verbose stack Exit status 1
9 verbose stack     at EventEmitter.<anonymous> (/usr/local/lib/node_modules/npm/lib/utils/lifecycle.js:213:16)
9 verbose stack     at EventEmitter.emit (events.js:110:17)
9 verbose stack     at ChildProcess.<anonymous> (/usr/local/lib/node_modules/npm/lib/utils/spawn.js:24:14)
9 verbose stack     at ChildProcess.emit (events.js:110:17)
9 verbose stack     at maybeClose (child_process.js:1015:16)
9 verbose stack     at Process.ChildProcess._handle.onexit (child_process.js:1087:5)
10 verbose pkgid OS-Template@1.0.0
11 verbose cwd /Users/Robert-Jan/Desktop/screeninvader-os
12 error Darwin 15.2.0
13 error argv "/usr/local/bin/node" "/usr/local/bin/npm" "run" "dev"
14 error node v0.12.7
15 error npm  v2.11.3
16 error code ELIFECYCLE
17 error OS-Template@1.0.0 dev: `webpack-dev-server --host 0.0.0.0 --hot --progress --colors --content-base build`
17 error Exit status 1
18 error Failed at the OS-Template@1.0.0 dev script 'webpack-dev-server --host 0.0.0.0 --hot --progress --colors --content-base build'.
18 error This is most likely a problem with the OS-Template package,
18 error not with npm itself.
18 error Tell the author that this fails on your system:
18 error     webpack-dev-server --host 0.0.0.0 --hot --progress --colors --content-base build
18 error You can get their info via:
18 error     npm owner ls OS-Template
18 error There is likely additional logging output above.
19 verbose exit [ 1, true ]
